<?xml version="1.0" encoding="UTF-8"?>
<testng-results skipped="0" failed="0" ignored="0" total="1" passed="1">
  <reporter-output>
  </reporter-output>
  <suite name="Surefire suite" duration-ms="45" started-at="2018-05-03T19:38:18Z" finished-at="2018-05-03T19:38:18Z">
    <groups>
    </groups>
    <test name="Surefire test" duration-ms="45" started-at="2018-05-03T19:38:18Z" finished-at="2018-05-03T19:38:18Z">
      <class name="com.webpt.step.definition.AppTest">
        <test-method status="PASS" signature="testApp()" name="testApp" duration-ms="6" started-at="2018-05-03T19:38:18Z" finished-at="2018-05-03T19:38:18Z">
          <reporter-output>
          </reporter-output>
        </test-method> <!-- testApp -->
      </class> <!-- com.webpt.step.definition.AppTest -->
    </test> <!-- Surefire test -->
  </suite> <!-- Surefire suite -->
</testng-results>
